# JRE version: OpenJDK Runtime Environment Temurin-17.0.8.1+1 (17.0.8.1+1) (build 17.0.8.1+1)
# Java VM: OpenJDK 64-Bit Server VM Temurin-17.0.8.1+1 (17.0.8.1+1, mixed mode, emulated-client, sharing, tiered, compressed oops, compressed class ptrs, g1 gc, windows-amd64)
GC Precious Log:
 CPUs: 8 total, 8 available
 Memory: 3460M
 Large Page Support: Disabled
 NUMA Support: Disabled
 Compressed Oops: Enabled (32-bit)
 Heap Region Size: 1M
 Heap Min Capacity: 8M
 Heap Initial Capacity: 56M
 Heap Max Capacity: 866M
 Pre-touch: Disabled
 Parallel Workers: 8
 Concurrent Workers: 2
 Concurrent Refinement Workers: 8
 Periodic GC: Disabled
Heap:
 garbage-first heap   total 55296K, used 31301K [0x00000000c9e00000, 0x0000000100000000)
  region size 1024K, 3 young (3072K), 2 survivors (2048K)
 Metaspace       used 64926K, committed 65408K, reserved 1114112K
  class space    used 9429K, committed 9664K, reserved 1048576K
GC Heap History (20 events):
Event: 17.704 GC heap before
{Heap before GC invocations=12 (full 0):
 garbage-first heap   total 55296K, used 34798K [0x00000000c9e00000, 0x0000000100000000)
  region size 1024K, 18 young (18432K), 3 survivors (3072K)
 Metaspace       used 35654K, committed 36096K, reserved 1114112K
  class space    used 5035K, committed 5248K, reserved 1048576K
}
Event: 17.733 GC heap after
{Heap after GC invocations=13 (full 0):
 garbage-first heap   total 55296K, used 23076K [0x00000000c9e00000, 0x0000000100000000)
  region size 1024K, 2 young (2048K), 2 survivors (2048K)
 Metaspace       used 35654K, committed 36096K, reserved 1114112K
  class space    used 5035K, committed 5248K, reserved 1048576K
}
Event: 20.530 GC heap before
{Heap before GC invocations=14 (full 0):
 garbage-first heap   total 55296K, used 41508K [0x00000000c9e00000, 0x0000000100000000)
  region size 1024K, 21 young (21504K), 2 survivors (2048K)
 Metaspace       used 37770K, committed 38272K, reserved 1114112K
  class space    used 5273K, committed 5504K, reserved 1048576K
}
Event: 20.536 GC heap after
{Heap after GC invocations=15 (full 0):
 garbage-first heap   total 55296K, used 24227K [0x00000000c9e00000, 0x0000000100000000)
  region size 1024K, 3 young (3072K), 3 survivors (3072K)
 Metaspace       used 37770K, committed 38272K, reserved 1114112K
  class space    used 5273K, committed 5504K, reserved 1048576K
}
Event: 23.664 GC heap before
{Heap before GC invocations=15 (full 0):
 garbage-first heap   total 55296K, used 43683K [0x00000000c9e00000, 0x0000000100000000)
  region size 1024K, 22 young (22528K), 3 survivors (3072K)
 Metaspace       used 41686K, committed 42176K, reserved 1114112K
  class space    used 5922K, committed 6144K, reserved 1048576K
}
Event: 23.671 GC heap after
{Heap after GC invocations=16 (full 0):
 garbage-first heap   total 55296K, used 25138K [0x00000000c9e00000, 0x0000000100000000)
  region size 1024K, 3 young (3072K), 3 survivors (3072K)
 Metaspace       used 41686K, committed 42176K, reserved 1114112K
  class space    used 5922K, committed 6144K, reserved 1048576K
}
Event: 24.786 GC heap before
{Heap before GC invocations=16 (full 0):
 garbage-first heap   total 55296K, used 43570K [0x00000000c9e00000, 0x0000000100000000)
  region size 1024K, 21 young (21504K), 3 survivors (3072K)
 Metaspace       used 44133K, committed 44672K, reserved 1114112K
  class space    used 6408K, committed 6656K, reserved 1048576K
}
Event: 24.792 GC heap after
{Heap after GC invocations=17 (full 0):
 garbage-first heap   total 55296K, used 26290K [0x00000000c9e00000, 0x0000000100000000)
  region size 1024K, 3 young (3072K), 3 survivors (3072K)
 Metaspace       used 44133K, committed 44672K, reserved 1114112K
  class space    used 6408K, committed 6656K, reserved 1048576K
}
Event: 26.330 GC heap before
{Heap before GC invocations=17 (full 0):
 garbage-first heap   total 55296K, used 42674K [0x00000000c9e00000, 0x0000000100000000)
  region size 1024K, 20 young (20480K), 3 survivors (3072K)
 Metaspace       used 47794K, committed 48320K, reserved 1114112K
  class space    used 6935K, committed 7168K, reserved 1048576K
}
Event: 26.336 GC heap after
{Heap after GC invocations=18 (full 0):
 garbage-first heap   total 55296K, used 27388K [0x00000000c9e00000, 0x0000000100000000)
  region size 1024K, 3 young (3072K), 3 survivors (3072K)
 Metaspace       used 47794K, committed 48320K, reserved 1114112K
  class space    used 6935K, committed 7168K, reserved 1048576K
}
Event: 27.965 GC heap before
{Heap before GC invocations=18 (full 0):
 garbage-first heap   total 55296K, used 43772K [0x00000000c9e00000, 0x0000000100000000)
  region size 1024K, 19 young (19456K), 3 survivors (3072K)
 Metaspace       used 54037K, committed 54528K, reserved 1114112K
  class space    used 7783K, committed 8000K, reserved 1048576K
}
Event: 27.973 GC heap after
{Heap after GC invocations=19 (full 0):
 garbage-first heap   total 55296K, used 29272K [0x00000000c9e00000, 0x0000000100000000)
  region size 1024K, 3 young (3072K), 3 survivors (3072K)
 Metaspace       used 54037K, committed 54528K, reserved 1114112K
  class space    used 7783K, committed 8000K, reserved 1048576K
}
Event: 29.042 GC heap before
{Heap before GC invocations=20 (full 0):
 garbage-first heap   total 55296K, used 43608K [0x00000000c9e00000, 0x0000000100000000)
  region size 1024K, 18 young (18432K), 3 survivors (3072K)
 Metaspace       used 56623K, committed 57088K, reserved 1114112K
  class space    used 8102K, committed 8320K, reserved 1048576K
}
Event: 29.049 GC heap after
{Heap after GC invocations=21 (full 0):
 garbage-first heap   total 55296K, used 30088K [0x00000000c9e00000, 0x0000000100000000)
  region size 1024K, 1 young (1024K), 1 survivors (1024K)
 Metaspace       used 56623K, committed 57088K, reserved 1114112K
  class space    used 8102K, committed 8320K, reserved 1048576K
}
Event: 29.948 GC heap before
{Heap before GC invocations=21 (full 0):
 garbage-first heap   total 55296K, used 43400K [0x00000000c9e00000, 0x0000000100000000)
  region size 1024K, 15 young (15360K), 1 survivors (1024K)
 Metaspace       used 59001K, committed 59520K, reserved 1114112K
  class space    used 8395K, committed 8640K, reserved 1048576K
}
Event: 29.953 GC heap after
{Heap after GC invocations=22 (full 0):
 garbage-first heap   total 55296K, used 30578K [0x00000000c9e00000, 0x0000000100000000)
  region size 1024K, 2 young (2048K), 2 survivors (2048K)
 Metaspace       used 59001K, committed 59520K, reserved 1114112K
  class space    used 8395K, committed 8640K, reserved 1048576K
}
Event: 31.445 GC heap before
{Heap before GC invocations=23 (full 0):
 garbage-first heap   total 55296K, used 43890K [0x00000000c9e00000, 0x0000000100000000)
  region size 1024K, 16 young (16384K), 2 survivors (2048K)
 Metaspace       used 63170K, committed 63616K, reserved 1114112K
  class space    used 9083K, committed 9280K, reserved 1048576K
}
Event: 31.452 GC heap after
{Heap after GC invocations=24 (full 0):
 garbage-first heap   total 55296K, used 30978K [0x00000000c9e00000, 0x0000000100000000)
  region size 1024K, 1 young (1024K), 1 survivors (1024K)
 Metaspace       used 63170K, committed 63616K, reserved 1114112K
  class space    used 9083K, committed 9280K, reserved 1048576K
}
Event: 32.332 GC heap before
{Heap before GC invocations=24 (full 0):
 garbage-first heap   total 55296K, used 45314K [0x00000000c9e00000, 0x0000000100000000)
  region size 1024K, 15 young (15360K), 1 survivors (1024K)
 Metaspace       used 64928K, committed 65408K, reserved 1114112K
  class space    used 9431K, committed 9664K, reserved 1048576K
}
Event: 32.337 GC heap after
{Heap after GC invocations=25 (full 0):
 garbage-first heap   total 55296K, used 31301K [0x00000000c9e00000, 0x0000000100000000)
  region size 1024K, 2 young (2048K), 2 survivors (2048K)
 Metaspace       used 64928K, committed 65408K, reserved 1114112K
  class space    used 9431K, committed 9664K, reserved 1048576K
}

