# JRE version: OpenJDK Runtime Environment Temurin-17.0.8.1+1 (17.0.8.1+1) (build 17.0.8.1+1)
# Java VM: OpenJDK 64-Bit Server VM Temurin-17.0.8.1+1 (17.0.8.1+1, mixed mode, emulated-client, sharing, tiered, compressed oops, compressed class ptrs, g1 gc, windows-amd64)
GC Precious Log:
 CPUs: 8 total, 8 available
 Memory: 3460M
 Large Page Support: Disabled
 NUMA Support: Disabled
 Compressed Oops: Enabled (32-bit)
 Heap Region Size: 1M
 Heap Min Capacity: 8M
 Heap Initial Capacity: 56M
 Heap Max Capacity: 866M
 Pre-touch: Disabled
 Parallel Workers: 8
 Concurrent Workers: 2
 Concurrent Refinement Workers: 8
 Periodic GC: Disabled
Heap:
 garbage-first heap   total 280576K, used 173916K [0x00000000c9e00000, 0x0000000100000000)
  region size 1024K, 110 young (112640K), 11 survivors (11264K)
 Metaspace       used 95708K, committed 96512K, reserved 1179648K
  class space    used 14254K, committed 14656K, reserved 1048576K
GC Heap History (20 events):
Event: 23.765 GC heap before
{Heap before GC invocations=24 (full 0):
 garbage-first heap   total 83968K, used 66901K [0x00000000c9e00000, 0x0000000100000000)
  region size 1024K, 35 young (35840K), 5 survivors (5120K)
 Metaspace       used 76645K, committed 77248K, reserved 1179648K
  class space    used 11298K, committed 11584K, reserved 1048576K
}
Event: 23.772 GC heap after
{Heap after GC invocations=25 (full 0):
 garbage-first heap   total 83968K, used 37272K [0x00000000c9e00000, 0x0000000100000000)
  region size 1024K, 4 young (4096K), 4 survivors (4096K)
 Metaspace       used 76645K, committed 77248K, reserved 1179648K
  class space    used 11298K, committed 11584K, reserved 1048576K
}
Event: 24.270 GC heap before
{Heap before GC invocations=25 (full 0):
 garbage-first heap   total 83968K, used 65944K [0x00000000c9e00000, 0x0000000100000000)
  region size 1024K, 33 young (33792K), 4 survivors (4096K)
 Metaspace       used 79445K, committed 80064K, reserved 1179648K
  class space    used 11834K, committed 12160K, reserved 1048576K
}
Event: 24.277 GC heap after
{Heap after GC invocations=26 (full 0):
 garbage-first heap   total 83968K, used 39053K [0x00000000c9e00000, 0x0000000100000000)
  region size 1024K, 3 young (3072K), 3 survivors (3072K)
 Metaspace       used 79445K, committed 80064K, reserved 1179648K
  class space    used 11834K, committed 12160K, reserved 1048576K
}
Event: 24.802 GC heap before
{Heap before GC invocations=26 (full 0):
 garbage-first heap   total 83968K, used 67725K [0x00000000c9e00000, 0x0000000100000000)
  region size 1024K, 31 young (31744K), 3 survivors (3072K)
 Metaspace       used 80942K, committed 81536K, reserved 1179648K
  class space    used 12111K, committed 12416K, reserved 1048576K
}
Event: 24.812 GC heap after
{Heap after GC invocations=27 (full 0):
 garbage-first heap   total 83968K, used 43282K [0x00000000c9e00000, 0x0000000100000000)
  region size 1024K, 4 young (4096K), 4 survivors (4096K)
 Metaspace       used 80942K, committed 81536K, reserved 1179648K
  class space    used 12111K, committed 12416K, reserved 1048576K
}
Event: 24.964 GC heap before
{Heap before GC invocations=27 (full 0):
 garbage-first heap   total 83968K, used 65810K [0x00000000c9e00000, 0x0000000100000000)
  region size 1024K, 26 young (26624K), 4 survivors (4096K)
 Metaspace       used 80942K, committed 81536K, reserved 1179648K
  class space    used 12111K, committed 12416K, reserved 1048576K
}
Event: 24.975 GC heap after
{Heap after GC invocations=28 (full 0):
 garbage-first heap   total 101376K, used 48520K [0x00000000c9e00000, 0x0000000100000000)
  region size 1024K, 4 young (4096K), 4 survivors (4096K)
 Metaspace       used 80942K, committed 81536K, reserved 1179648K
  class space    used 12111K, committed 12416K, reserved 1048576K
}
Event: 25.202 GC heap before
{Heap before GC invocations=28 (full 0):
 garbage-first heap   total 101376K, used 77192K [0x00000000c9e00000, 0x0000000100000000)
  region size 1024K, 32 young (32768K), 4 survivors (4096K)
 Metaspace       used 80945K, committed 81536K, reserved 1179648K
  class space    used 12112K, committed 12416K, reserved 1048576K
}
Event: 25.211 GC heap after
{Heap after GC invocations=29 (full 0):
 garbage-first heap   total 101376K, used 52802K [0x00000000c9e00000, 0x0000000100000000)
  region size 1024K, 4 young (4096K), 4 survivors (4096K)
 Metaspace       used 80945K, committed 81536K, reserved 1179648K
  class space    used 12112K, committed 12416K, reserved 1048576K
}
Event: 25.406 GC heap before
{Heap before GC invocations=29 (full 0):
 garbage-first heap   total 101376K, used 78402K [0x00000000c9e00000, 0x0000000100000000)
  region size 1024K, 29 young (29696K), 4 survivors (4096K)
 Metaspace       used 80958K, committed 81536K, reserved 1179648K
  class space    used 12115K, committed 12416K, reserved 1048576K
}
Event: 25.417 GC heap after
{Heap after GC invocations=30 (full 0):
 garbage-first heap   total 101376K, used 57129K [0x00000000c9e00000, 0x0000000100000000)
  region size 1024K, 4 young (4096K), 4 survivors (4096K)
 Metaspace       used 80958K, committed 81536K, reserved 1179648K
  class space    used 12115K, committed 12416K, reserved 1048576K
}
Event: 25.596 GC heap before
{Heap before GC invocations=31 (full 0):
 garbage-first heap   total 116736K, used 77609K [0x00000000c9e00000, 0x0000000100000000)
  region size 1024K, 25 young (25600K), 4 survivors (4096K)
 Metaspace       used 80955K, committed 81536K, reserved 1179648K
  class space    used 12114K, committed 12416K, reserved 1048576K
}
Event: 25.610 GC heap after
{Heap after GC invocations=32 (full 0):
 garbage-first heap   total 116736K, used 63145K [0x00000000c9e00000, 0x0000000100000000)
  region size 1024K, 4 young (4096K), 4 survivors (4096K)
 Metaspace       used 80955K, committed 81536K, reserved 1179648K
  class space    used 12114K, committed 12416K, reserved 1048576K
}
Event: 25.618 GC heap before
{Heap before GC invocations=32 (full 0):
 garbage-first heap   total 116736K, used 64169K [0x00000000c9e00000, 0x0000000100000000)
  region size 1024K, 5 young (5120K), 4 survivors (4096K)
 Metaspace       used 80955K, committed 81536K, reserved 1179648K
  class space    used 12114K, committed 12416K, reserved 1048576K
}
Event: 25.623 GC heap after
{Heap after GC invocations=33 (full 0):
 garbage-first heap   total 116736K, used 63387K [0x00000000c9e00000, 0x0000000100000000)
  region size 1024K, 1 young (1024K), 1 survivors (1024K)
 Metaspace       used 80955K, committed 81536K, reserved 1179648K
  class space    used 12114K, committed 12416K, reserved 1048576K
}
Event: 25.755 GC heap before
{Heap before GC invocations=33 (full 0):
 garbage-first heap   total 116736K, used 86939K [0x00000000c9e00000, 0x0000000100000000)
  region size 1024K, 24 young (24576K), 1 survivors (1024K)
 Metaspace       used 80957K, committed 81536K, reserved 1179648K
  class space    used 12116K, committed 12416K, reserved 1048576K
}
Event: 25.764 GC heap after
{Heap after GC invocations=34 (full 0):
 garbage-first heap   total 280576K, used 66789K [0x00000000c9e00000, 0x0000000100000000)
  region size 1024K, 3 young (3072K), 3 survivors (3072K)
 Metaspace       used 80957K, committed 81536K, reserved 1179648K
  class space    used 12116K, committed 12416K, reserved 1048576K
}
Event: 29.561 GC heap before
{Heap before GC invocations=34 (full 0):
 garbage-first heap   total 280576K, used 187621K [0x00000000c9e00000, 0x0000000100000000)
  region size 1024K, 121 young (123904K), 3 survivors (3072K)
 Metaspace       used 88612K, committed 89280K, reserved 1179648K
  class space    used 13254K, committed 13568K, reserved 1048576K
}
Event: 29.582 GC heap after
{Heap after GC invocations=35 (full 0):
 garbage-first heap   total 280576K, used 74588K [0x00000000c9e00000, 0x0000000100000000)
  region size 1024K, 11 young (11264K), 11 survivors (11264K)
 Metaspace       used 88612K, committed 89280K, reserved 1179648K
  class space    used 13254K, committed 13568K, reserved 1048576K
}

